Arguments: 
  C:\Program Files\nodejs\node.exe C:\Users\Vaggelis\AppData\Roaming\npm\node_modules\yarn\bin\yarn.js add -D @types/node

PATH: 
  C:\Program Files\Git\mingw64\bin;C:\Program Files\Git\usr\bin;C:\Users\Vaggelis\bin;C:\Python310\Scripts;C:\Python310;C:\Program Files (x86)\Common Files\Oracle\Java\javapath;C:\ProgramData\Oracle\Java\javapath;C:\Program Files (x86)\Intel\iCLS Client;C:\Program Files\Intel\iCLS Client;C:\WINDOWS\system32;C:\WINDOWS;C:\WINDOWS\System32\Wbem;C:\WINDOWS\System32\WindowsPowerShell\v1.0;C:\Program Files (x86)\Intel\Intel(R) Management Engine Components\DAL;C:\Program Files\Intel\Intel(R) Management Engine Components\DAL;C:\Program Files (x86)\Intel\Intel(R) Management Engine Components\IPT;C:\Program Files\Intel\Intel(R) Management Engine Components\IPT;C:\Program Files\Git\cmd;C:\WINDOWS\System32\OpenSSH;C:\Program Files\Microsoft VS Code\bin;C:\Program Files\nodejs;C:\ProgramData\chocolatey\bin;C:\Users\Vaggelis\AppData\Local\Microsoft\WindowsApps;C:\Program Files\Microsoft VS Code\bin;C:\Users\Vaggelis\AppData\Roaming\npm

Yarn version: 
  1.22.18

Node version: 
  16.14.2

Platform: 
  win32 x64

Trace: 
  Error: EPERM: operation not permitted, unlink 'C:\Users\Vaggelis\work\prisma\node_modules\prisma\engines\2b0c12756921c891fec4f68d9444e18c7d5d4a6a\query_engine-windows.dll.node'

npm manifest: 
  {
    "name": "prisma-test",
    "version": "1.0.0",
    "description": "Get quickly started with Prisma",
    "main": "./src/index.ts",
    "scripts": {
      "test": "echo \"Error: no test specified\" && exit 1"
    },
    "author": "",
    "license": "ISC",
    "devDependencies": {
      "prisma": "^3.14.0",
      "typescript": "^4.6.4"
    },
    "dependencies": {
      "@prisma/client": "^3.14.0"
    }
  }

yarn manifest: 
  No manifest

Lockfile: 
  # THIS IS AN AUTOGENERATED FILE. DO NOT EDIT THIS FILE DIRECTLY.
  # yarn lockfile v1
  
  
  "@prisma/client@^3.14.0":
    version "3.14.0"
    resolved "https://registry.yarnpkg.com/@prisma/client/-/client-3.14.0.tgz#bb90405c012fcca11f4647d91153ed4c58f3bd48"
    integrity sha512-atb41UpgTR1MCst0VIbiHTMw8lmXnwUvE1KyUCAkq08+wJyjRE78Due+nSf+7uwqQn+fBFYVmoojtinhlLOSaA==
    dependencies:
      "@prisma/engines-version" "3.14.0-36.2b0c12756921c891fec4f68d9444e18c7d5d4a6a"
  
  "@prisma/engines-version@3.14.0-36.2b0c12756921c891fec4f68d9444e18c7d5d4a6a":
    version "3.14.0-36.2b0c12756921c891fec4f68d9444e18c7d5d4a6a"
    resolved "https://registry.yarnpkg.com/@prisma/engines-version/-/engines-version-3.14.0-36.2b0c12756921c891fec4f68d9444e18c7d5d4a6a.tgz#4edae57cf6527f35e22cebe75e49214fc0e99ac9"
    integrity sha512-D+yHzq4a2r2Rrd0ZOW/mTZbgDIkUkD8ofKgusEI1xPiZz60Daks+UM7Me2ty5FzH3p/TgyhBpRrfIHx+ha20RQ==
  
  "@prisma/engines@3.14.0-36.2b0c12756921c891fec4f68d9444e18c7d5d4a6a":
    version "3.14.0-36.2b0c12756921c891fec4f68d9444e18c7d5d4a6a"
    resolved "https://registry.yarnpkg.com/@prisma/engines/-/engines-3.14.0-36.2b0c12756921c891fec4f68d9444e18c7d5d4a6a.tgz#7fa11bc26a51d450185c816cc0ab8cac673fb4bf"
    integrity sha512-LwZvI3FY6f43xFjQNRuE10JM5R8vJzFTSmbV9X0Wuhv9kscLkjRlZt0BEoiHmO+2HA3B3xxbMfB5du7ZoSFXGg==
  
  prisma@^3.14.0:
    version "3.14.0"
    resolved "https://registry.yarnpkg.com/prisma/-/prisma-3.14.0.tgz#dd67ece37d7b5373e9fd9588971de0024b49be81"
    integrity sha512-l9MOgNCn/paDE+i1K2fp9NZ+Du4trzPTJsGkaQHVBufTGqzoYHuNk8JfzXuIn0Gte6/ZjyKj652Jq/Lc1tp2yw==
    dependencies:
      "@prisma/engines" "3.14.0-36.2b0c12756921c891fec4f68d9444e18c7d5d4a6a"
  
  typescript@^4.6.4:
    version "4.6.4"
    resolved "https://registry.yarnpkg.com/typescript/-/typescript-4.6.4.tgz#caa78bbc3a59e6a5c510d35703f6a09877ce45e9"
    integrity sha512-9ia/jWHIEbo49HfjrLGfKbZSuWo9iTMwXO+Ca3pRsSpbsMbc7/IU8NKdCZVRRBafVPGnoJeFL76ZOAA84I9fEg==
